<?xml version="1.0" encoding="UTF-8"?>
<robot generator="Robot 4.0 (Python 3.8.5 on linux)" generated="20210527 15:27:09.218" rpa="false" schemaversion="2">
<suite id="s1" name="TestSitePractice" source="/home/marcone/Udemy/RobotFramework/SuiteSiteTest/tests/TestSitePractice.robot">
<test id="s1-t1" name="Caso de Teste 01: Pesquisar produto existente">
<kw name="Abrir navegador" library="Resource" type="SETUP">
<kw name="Open Browser" library="SeleniumLibrary">
<arg>about:blank</arg>
<arg>${BROWSER}</arg>
<doc>Opens a new browser instance to the optional ``url``.</doc>
<msg timestamp="20210527 15:27:09.347" level="INFO">Opening browser 'firefox' to base url 'about:blank'.</msg>
<msg timestamp="20210527 15:27:09.348" level="INFO">Firefox driver log is always forced to to: /home/marcone/Udemy/RobotFramework/SuiteSiteTest/results/geckodriver-83.log</msg>
<status status="PASS" starttime="20210527 15:27:09.347" endtime="20210527 15:27:11.550"/>
</kw>
<status status="PASS" starttime="20210527 15:27:09.346" endtime="20210527 15:27:11.551"/>
</kw>
<kw name="Acessar a pagina home do site" library="Resource">
<kw name="Go To" library="SeleniumLibrary">
<arg>${URL}</arg>
<doc>Navigates the current browser window to the provided ``url``.</doc>
<msg timestamp="20210527 15:27:11.552" level="INFO">Opening url 'http://automationpractice.com'</msg>
<status status="PASS" starttime="20210527 15:27:11.551" endtime="20210527 15:27:25.038"/>
</kw>
<kw name="Title Should Be" library="SeleniumLibrary">
<arg>My Store</arg>
<doc>Verifies that the current page title equals ``title``.</doc>
<msg timestamp="20210527 15:27:25.041" level="INFO">Page title is 'My Store'.</msg>
<status status="PASS" starttime="20210527 15:27:25.038" endtime="20210527 15:27:25.041"/>
</kw>
<status status="PASS" starttime="20210527 15:27:11.551" endtime="20210527 15:27:25.042"/>
</kw>
<kw name="Digitar o nome do produto &quot;Blouse&quot; no campo de pesquisa" library="Resource" sourcename="Digitar o nome do produto &quot;${PRODUTO}&quot; no campo de pesquisa">
<kw name="Input Text" library="SeleniumLibrary">
<arg>name=search_query</arg>
<arg>${PRODUTO}</arg>
<doc>Types the given ``text`` into the text field identified by ``locator``.</doc>
<msg timestamp="20210527 15:27:25.043" level="INFO">Typing text 'Blouse' into text field 'name=search_query'.</msg>
<status status="PASS" starttime="20210527 15:27:25.042" endtime="20210527 15:27:25.127"/>
</kw>
<status status="PASS" starttime="20210527 15:27:25.042" endtime="20210527 15:27:25.127"/>
</kw>
<kw name="Clicar no botão Pesquisar" library="Resource">
<kw name="Click Element" library="SeleniumLibrary">
<arg>name=submit_search</arg>
<doc>Click the element identified by ``locator``.</doc>
<msg timestamp="20210527 15:27:25.128" level="INFO">Clicking element 'name=submit_search'.</msg>
<status status="PASS" starttime="20210527 15:27:25.128" endtime="20210527 15:27:29.756"/>
</kw>
<status status="PASS" starttime="20210527 15:27:25.127" endtime="20210527 15:27:29.756"/>
</kw>
<kw name="Conferir se o produto &quot;Blouse&quot; foi listado no site" library="Resource" sourcename="Conferir se o produto &quot;${PRODUTO}&quot; foi listado no site">
<kw name="Wait Until Element Is Visible" library="SeleniumLibrary">
<arg>css=#center_column &gt; h1</arg>
<doc>Waits until the element ``locator`` is visible.</doc>
<status status="PASS" starttime="20210527 15:27:29.757" endtime="20210527 15:27:29.804"/>
</kw>
<kw name="Title Should Be" library="SeleniumLibrary">
<arg>Search - My Store</arg>
<doc>Verifies that the current page title equals ``title``.</doc>
<msg timestamp="20210527 15:27:29.807" level="INFO">Page title is 'Search - My Store'.</msg>
<status status="PASS" starttime="20210527 15:27:29.804" endtime="20210527 15:27:29.807"/>
</kw>
<kw name="Page Should Contain Image" library="SeleniumLibrary">
<arg>xpath=//*[@id="center_column"]//*[@src="http://automationpractice.com/img/p/7/7-home_default.jpg"]</arg>
<doc>Verifies image identified by ``locator`` is found from current page.</doc>
<msg timestamp="20210527 15:27:29.816" level="INFO">Current page contains image 'xpath=//*[@id="center_column"]//*[@src="http://automationpractice.com/img/p/7/7-home_default.jpg"]'.</msg>
<status status="PASS" starttime="20210527 15:27:29.807" endtime="20210527 15:27:29.817"/>
</kw>
<kw name="Page Should Contain Link" library="SeleniumLibrary">
<arg>xpath=//*[@id="center_column"]//a[@class="product-name"][contains(text(),"${PRODUTO}")]</arg>
<doc>Verifies link identified by ``locator`` is found from current page.</doc>
<msg timestamp="20210527 15:27:29.825" level="INFO">Current page contains link 'xpath=//*[@id="center_column"]//a[@class="product-name"][contains(text(),"Blouse")]'.</msg>
<status status="PASS" starttime="20210527 15:27:29.817" endtime="20210527 15:27:29.825"/>
</kw>
<status status="PASS" starttime="20210527 15:27:29.757" endtime="20210527 15:27:29.826"/>
</kw>
<kw name="Fechar navegador" library="Resource" type="TEARDOWN">
<kw name="Close Browser" library="SeleniumLibrary">
<doc>Closes the current browser.</doc>
<status status="PASS" starttime="20210527 15:27:29.827" endtime="20210527 15:27:30.352"/>
</kw>
<status status="PASS" starttime="20210527 15:27:29.826" endtime="20210527 15:27:30.353"/>
</kw>
<status status="PASS" starttime="20210527 15:27:09.346" endtime="20210527 15:27:30.353"/>
</test>
<test id="s1-t2" name="Caso de Teste 02: Pesquisar produto não existente">
<kw name="Abrir navegador" library="Resource" type="SETUP">
<kw name="Open Browser" library="SeleniumLibrary">
<arg>about:blank</arg>
<arg>${BROWSER}</arg>
<doc>Opens a new browser instance to the optional ``url``.</doc>
<msg timestamp="20210527 15:27:30.355" level="INFO">Opening browser 'firefox' to base url 'about:blank'.</msg>
<msg timestamp="20210527 15:27:30.356" level="INFO">Firefox driver log is always forced to to: /home/marcone/Udemy/RobotFramework/SuiteSiteTest/results/geckodriver-84.log</msg>
<status status="PASS" starttime="20210527 15:27:30.355" endtime="20210527 15:27:32.545"/>
</kw>
<status status="PASS" starttime="20210527 15:27:30.354" endtime="20210527 15:27:32.546"/>
</kw>
<kw name="Acessar a pagina home do site" library="Resource">
<kw name="Go To" library="SeleniumLibrary">
<arg>${URL}</arg>
<doc>Navigates the current browser window to the provided ``url``.</doc>
<msg timestamp="20210527 15:27:32.547" level="INFO">Opening url 'http://automationpractice.com'</msg>
<status status="PASS" starttime="20210527 15:27:32.547" endtime="20210527 15:27:40.927"/>
</kw>
<kw name="Title Should Be" library="SeleniumLibrary">
<arg>My Store</arg>
<doc>Verifies that the current page title equals ``title``.</doc>
<msg timestamp="20210527 15:27:40.934" level="INFO">Page title is 'My Store'.</msg>
<status status="PASS" starttime="20210527 15:27:40.927" endtime="20210527 15:27:40.934"/>
</kw>
<status status="PASS" starttime="20210527 15:27:32.546" endtime="20210527 15:27:40.935"/>
</kw>
<kw name="Digitar o nome do produto &quot;produtoNãoExistente&quot; no campo de pesquisa" library="Resource" sourcename="Digitar o nome do produto &quot;${PRODUTO}&quot; no campo de pesquisa">
<kw name="Input Text" library="SeleniumLibrary">
<arg>name=search_query</arg>
<arg>${PRODUTO}</arg>
<doc>Types the given ``text`` into the text field identified by ``locator``.</doc>
<msg timestamp="20210527 15:27:40.936" level="INFO">Typing text 'produtoNãoExistente' into text field 'name=search_query'.</msg>
<status status="PASS" starttime="20210527 15:27:40.935" endtime="20210527 15:27:41.020"/>
</kw>
<status status="PASS" starttime="20210527 15:27:40.935" endtime="20210527 15:27:41.021"/>
</kw>
<kw name="Clicar no botão Pesquisar" library="Resource">
<kw name="Click Element" library="SeleniumLibrary">
<arg>name=submit_search</arg>
<doc>Click the element identified by ``locator``.</doc>
<msg timestamp="20210527 15:27:41.022" level="INFO">Clicking element 'name=submit_search'.</msg>
<status status="PASS" starttime="20210527 15:27:41.021" endtime="20210527 15:27:44.578"/>
</kw>
<status status="PASS" starttime="20210527 15:27:41.021" endtime="20210527 15:27:44.578"/>
</kw>
<kw name="Conferir mensagem de erro &quot;No results were found for your search &quot;produtoNãoExistente&quot;&quot;" library="Resource" sourcename="Conferir mensagem de erro &quot;No results were found for your search &quot;${PRODUTO}&quot;&quot;">
<kw name="Wait Until Element Is Visible" library="SeleniumLibrary">
<arg>xpath=//*[@id="center_column"]/h1</arg>
<doc>Waits until the element ``locator`` is visible.</doc>
<status status="PASS" starttime="20210527 15:27:44.580" endtime="20210527 15:27:44.648"/>
</kw>
<kw name="Title Should Be" library="SeleniumLibrary">
<arg>Search - My Store</arg>
<doc>Verifies that the current page title equals ``title``.</doc>
<msg timestamp="20210527 15:27:44.652" level="INFO">Page title is 'Search - My Store'.</msg>
<status status="PASS" starttime="20210527 15:27:44.648" endtime="20210527 15:27:44.652"/>
</kw>
<kw name="Page Should Contain Element" library="SeleniumLibrary">
<arg>xpath=//*[@id="center_column"]/*[@class="alert alert-warning"][contains(text(),"${PRODUTO}")]</arg>
<doc>Verifies that element ``locator`` is found on the current page.</doc>
<msg timestamp="20210527 15:27:44.673" level="INFO">Current page contains element 'xpath=//*[@id="center_column"]/*[@class="alert alert-warning"][contains(text(),"produtoNãoExistente")]'.</msg>
<status status="PASS" starttime="20210527 15:27:44.652" endtime="20210527 15:27:44.674"/>
</kw>
<kw name="Page Should Contain Element" library="SeleniumLibrary">
<arg>xpath=//*[@id="center_column"]//span[@class="heading-counter"][contains(text(),"0 results have been found.")]</arg>
<doc>Verifies that element ``locator`` is found on the current page.</doc>
<msg timestamp="20210527 15:27:44.684" level="INFO">Current page contains element 'xpath=//*[@id="center_column"]//span[@class="heading-counter"][contains(text(),"0 results have been found.")]'.</msg>
<status status="PASS" starttime="20210527 15:27:44.674" endtime="20210527 15:27:44.685"/>
</kw>
<status status="PASS" starttime="20210527 15:27:44.579" endtime="20210527 15:27:44.685"/>
</kw>
<kw name="Fechar navegador" library="Resource" type="TEARDOWN">
<kw name="Close Browser" library="SeleniumLibrary">
<doc>Closes the current browser.</doc>
<status status="PASS" starttime="20210527 15:27:44.686" endtime="20210527 15:27:45.222"/>
</kw>
<status status="PASS" starttime="20210527 15:27:44.685" endtime="20210527 15:27:45.223"/>
</kw>
<status status="PASS" starttime="20210527 15:27:30.353" endtime="20210527 15:27:45.223"/>
</test>
<status status="PASS" starttime="20210527 15:27:09.219" endtime="20210527 15:27:45.227"/>
</suite>
<statistics>
<total>
<stat pass="2" fail="0" skip="0">All Tests</stat>
</total>
<tag>
</tag>
<suite>
<stat pass="2" fail="0" skip="0" id="s1" name="TestSitePractice">TestSitePractice</stat>
</suite>
</statistics>
<errors>
</errors>
</robot>
